<?xml version="1.0" encoding="UTF-8"?>
<testng-results ignored="0" total="1" passed="1" failed="0" skipped="0">
  <reporter-output>
  </reporter-output>
  <suite started-at="2021-05-11T05:35:36Z" name="Join Meetings" finished-at="2021-05-11T05:35:46Z" duration-ms="9836">
    <groups>
    </groups>
    <test started-at="2021-05-11T05:35:36Z" name="Test0" finished-at="2021-05-11T05:35:46Z" duration-ms="9836">
      <class name="demo.test.DemoTest">
        <test-method signature="paymentTest(java.lang.String, java.lang.String, java.lang.String, java.lang.String, java.lang.String, java.lang.String, java.lang.String)[pri:0, instance:demo.test.DemoTest@6a57ae10]" started-at="2021-05-11T05:35:36Z" name="paymentTest" finished-at="2021-05-11T05:35:46Z" duration-ms="9813" status="PASS">
          <params>
            <param index="0">
              <value>
                <![CDATA[test1@dummy.com]]>
              </value>
            </param>
            <param index="1">
              <value>
                <![CDATA[1234567890]]>
              </value>
            </param>
            <param index="2">
              <value>
                <![CDATA[10]]>
              </value>
            </param>
            <param index="3">
              <value>
                <![CDATA[4111111111111111]]>
              </value>
            </param>
            <param index="4">
              <value>
                <![CDATA[04/24]]>
              </value>
            </param>
            <param index="5">
              <value>
                <![CDATA[test1]]>
              </value>
            </param>
            <param index="6">
              <value>
                <![CDATA[123]]>
              </value>
            </param>
          </params>
          <reporter-output>
          </reporter-output>
        </test-method> <!-- paymentTest -->
      </class> <!-- demo.test.DemoTest -->
    </test> <!-- Test0 -->
  </suite> <!-- Join Meetings -->
</testng-results>
