<?xml version="1.0" encoding="UTF-8"?>
<testng-results ignored="0" total="1" passed="1" failed="0" skipped="0">
  <reporter-output>
  </reporter-output>
  <suite started-at="2021-05-31T10:48:32Z" name="Join Meetings" finished-at="2021-05-31T10:49:17Z" duration-ms="45355">
    <groups>
    </groups>
    <test started-at="2021-05-31T10:48:32Z" name="Test0" finished-at="2021-05-31T10:49:17Z" duration-ms="45355">
      <class name="com.atom.test.TestPayment">
        <test-method is-config="true" signature="setupWebDriver()[pri:0, instance:com.atom.test.TestPayment@7c51f34b]" started-at="2021-05-31T10:48:32Z" name="setupWebDriver" finished-at="2021-05-31T10:48:34Z" duration-ms="2842" status="PASS">
          <reporter-output>
          </reporter-output>
        </test-method> <!-- setupWebDriver -->
        <test-method signature="paymentTest(java.lang.String, java.lang.String, java.lang.String, java.lang.String, java.lang.String, java.lang.String, java.lang.String, java.lang.String, java.lang.String, java.lang.String, java.lang.String)[pri:0, instance:com.atom.test.TestPayment@7c51f34b]" started-at="2021-05-31T10:48:34Z" name="paymentTest" finished-at="2021-05-31T10:49:16Z" duration-ms="41444" status="PASS">
          <params>
            <param index="0">
              <value>
                <![CDATA[test1]]>
              </value>
            </param>
            <param index="1">
              <value>
                <![CDATA[test@syscort.com]]>
              </value>
            </param>
            <param index="2">
              <value>
                <![CDATA[9090121212]]>
              </value>
            </param>
            <param index="3">
              <value>
                <![CDATA[50]]>
              </value>
            </param>
            <param index="4">
              <value>
                <![CDATA[8173830001678428]]>
              </value>
            </param>
            <param index="5">
              <value>
                <![CDATA[03]]>
              </value>
            </param>
            <param index="6">
              <value>
                <![CDATA[22]]>
              </value>
            </param>
            <param index="7">
              <value>
                <![CDATA[211168131274]]>
              </value>
            </param>
            <param index="8">
              <value>
                <![CDATA[340]]>
              </value>
            </param>
            <param index="9">
              <value>
                <![CDATA[0136]]>
              </value>
            </param>
            <param index="10">
              <value>
                <![CDATA[YES BANK]]>
              </value>
            </param>
          </params>
          <reporter-output>
          </reporter-output>
        </test-method> <!-- paymentTest -->
        <test-method is-config="true" signature="cleanup(java.lang.String)[pri:0, instance:com.atom.test.TestPayment@7c51f34b]" started-at="2021-05-31T10:49:16Z" name="cleanup" finished-at="2021-05-31T10:49:17Z" duration-ms="1050" status="PASS">
          <params>
            <param index="0">
              <value>
                <![CDATA[8173830001678428]]>
              </value>
            </param>
          </params>
          <reporter-output>
          </reporter-output>
        </test-method> <!-- cleanup -->
        <test-method is-config="true" signature="createExcel(java.lang.String)[pri:0, instance:com.atom.test.TestPayment@7c51f34b]" started-at="2021-05-31T10:49:17Z" name="createExcel" finished-at="2021-05-31T10:49:17Z" duration-ms="0" status="FAIL">
          <exception class="org.testng.TestNGException">
            <message>
              <![CDATA[
Can inject only one of <ITestContext, XmlTest> into a @AfterSuite annotated createExcel.
For more information on native dependency injection please refer to http://testng.org/doc/documentation-main.html#native-dependency-injection]]>
            </message>
            <full-stacktrace>
              <![CDATA[org.testng.TestNGException: 
Can inject only one of <ITestContext, XmlTest> into a @AfterSuite annotated createExcel.
For more information on native dependency injection please refer to http://testng.org/doc/documentation-main.html#native-dependency-injection
at org.testng.internal.Parameters.checkParameterTypes(Parameters.java:407)
at org.testng.internal.Parameters.createParametersForMethod(Parameters.java:356)
at org.testng.internal.Parameters.createParameters(Parameters.java:635)
at org.testng.internal.Parameters.createConfigurationParameters(Parameters.java:190)
at org.testng.internal.Invoker.invokeConfigurations(Invoker.java:209)
at org.testng.internal.Invoker.invokeConfigurations(Invoker.java:142)
at org.testng.SuiteRunner.privateRun(SuiteRunner.java:425)
at org.testng.SuiteRunner.run(SuiteRunner.java:364)
at org.testng.SuiteRunnerWorker.runSuite(SuiteRunnerWorker.java:52)
at org.testng.SuiteRunnerWorker.run(SuiteRunnerWorker.java:84)
at org.testng.TestNG.runSuitesSequentially(TestNG.java:1208)
at org.testng.TestNG.runSuitesLocally(TestNG.java:1137)
at org.testng.TestNG.runSuites(TestNG.java:1049)
at org.testng.TestNG.run(TestNG.java:1017)
at com.atom.execute.ExecutePaymentTest.executeTest(ExecutePaymentTest.java:37)
at com.atom.execute.ExecutePaymentTest.startMeeting(ExecutePaymentTest.java:48)
at com.atom.execute.ExecutePaymentTest.main(ExecutePaymentTest.java:112)
]]>
            </full-stacktrace>
          </exception> <!-- org.testng.TestNGException -->
          <reporter-output>
          </reporter-output>
        </test-method> <!-- createExcel -->
      </class> <!-- com.atom.test.TestPayment -->
    </test> <!-- Test0 -->
  </suite> <!-- Join Meetings -->
</testng-results>
