<?xml version="1.0" encoding="UTF-8"?>
<testng-results ignored="0" total="10" passed="10" failed="0" skipped="0">
  <reporter-output>
  </reporter-output>
  <suite started-at="2021-05-12T17:04:01Z" name="Join Meetings" finished-at="2021-05-12T17:09:18Z" duration-ms="317533">
    <groups>
    </groups>
    <test started-at="2021-05-12T17:04:01Z" name="Test0" finished-at="2021-05-12T17:04:35Z" duration-ms="33808">
      <class name="com.syscort.test.TestPayment">
        <test-method is-config="true" signature="setupWebDriver()[pri:0, instance:com.syscort.test.TestPayment@6fa34d52]" started-at="2021-05-12T17:04:01Z" name="setupWebDriver" finished-at="2021-05-12T17:04:04Z" duration-ms="3498" status="PASS">
          <reporter-output>
          </reporter-output>
        </test-method> <!-- setupWebDriver -->
        <test-method signature="paymentTest(java.lang.String, java.lang.String, java.lang.String, java.lang.String, java.lang.String, java.lang.String, java.lang.String, java.lang.String)[pri:0, instance:com.syscort.test.TestPayment@6fa34d52]" started-at="2021-05-12T17:04:04Z" name="paymentTest" finished-at="2021-05-12T17:04:34Z" duration-ms="29413" status="PASS">
          <params>
            <param index="0">
              <value>
                <![CDATA[test@syscort.com]]>
              </value>
            </param>
            <param index="1">
              <value>
                <![CDATA[9090121212]]>
              </value>
            </param>
            <param index="2">
              <value>
                <![CDATA[10]]>
              </value>
            </param>
            <param index="3">
              <value>
                <![CDATA[8172450173213036]]>
              </value>
            </param>
            <param index="4">
              <value>
                <![CDATA[05/22]]>
              </value>
            </param>
            <param index="5">
              <value>
                <![CDATA[211168131274]]>
              </value>
            </param>
            <param index="6">
              <value>
                <![CDATA[326]]>
              </value>
            </param>
            <param index="7">
              <value>
                <![CDATA[1217]]>
              </value>
            </param>
          </params>
          <reporter-output>
          </reporter-output>
        </test-method> <!-- paymentTest -->
        <test-method is-config="true" signature="cleanup(java.lang.String)[pri:0, instance:com.syscort.test.TestPayment@6fa34d52]" started-at="2021-05-12T17:04:34Z" name="cleanup" finished-at="2021-05-12T17:04:35Z" duration-ms="870" status="PASS">
          <params>
            <param index="0">
              <value>
                <![CDATA[8172450173213036]]>
              </value>
            </param>
          </params>
          <reporter-output>
          </reporter-output>
        </test-method> <!-- cleanup -->
      </class> <!-- com.syscort.test.TestPayment -->
    </test> <!-- Test0 -->
    <test started-at="2021-05-12T17:04:35Z" name="Test1" finished-at="2021-05-12T17:05:05Z" duration-ms="30374">
      <class name="com.syscort.test.TestPayment">
        <test-method is-config="true" signature="setupWebDriver()[pri:0, instance:com.syscort.test.TestPayment@45a4b042]" started-at="2021-05-12T17:04:35Z" name="setupWebDriver" finished-at="2021-05-12T17:04:36Z" duration-ms="1641" status="PASS">
          <reporter-output>
          </reporter-output>
        </test-method> <!-- setupWebDriver -->
        <test-method signature="paymentTest(java.lang.String, java.lang.String, java.lang.String, java.lang.String, java.lang.String, java.lang.String, java.lang.String, java.lang.String)[pri:0, instance:com.syscort.test.TestPayment@45a4b042]" started-at="2021-05-12T17:04:36Z" name="paymentTest" finished-at="2021-05-12T17:05:04Z" duration-ms="27804" status="PASS">
          <params>
            <param index="0">
              <value>
                <![CDATA[test@syscort.com]]>
              </value>
            </param>
            <param index="1">
              <value>
                <![CDATA[9090121212]]>
              </value>
            </param>
            <param index="2">
              <value>
                <![CDATA[10]]>
              </value>
            </param>
            <param index="3">
              <value>
                <![CDATA[8172450173213051]]>
              </value>
            </param>
            <param index="4">
              <value>
                <![CDATA[05/22]]>
              </value>
            </param>
            <param index="5">
              <value>
                <![CDATA[211168131274]]>
              </value>
            </param>
            <param index="6">
              <value>
                <![CDATA[764]]>
              </value>
            </param>
            <param index="7">
              <value>
                <![CDATA[9719]]>
              </value>
            </param>
          </params>
          <reporter-output>
          </reporter-output>
        </test-method> <!-- paymentTest -->
        <test-method is-config="true" signature="cleanup(java.lang.String)[pri:0, instance:com.syscort.test.TestPayment@45a4b042]" started-at="2021-05-12T17:05:04Z" name="cleanup" finished-at="2021-05-12T17:05:05Z" duration-ms="927" status="PASS">
          <params>
            <param index="0">
              <value>
                <![CDATA[8172450173213051]]>
              </value>
            </param>
          </params>
          <reporter-output>
          </reporter-output>
        </test-method> <!-- cleanup -->
      </class> <!-- com.syscort.test.TestPayment -->
    </test> <!-- Test1 -->
    <test started-at="2021-05-12T17:05:05Z" name="Test2" finished-at="2021-05-12T17:05:38Z" duration-ms="33078">
      <class name="com.syscort.test.TestPayment">
        <test-method is-config="true" signature="setupWebDriver()[pri:0, instance:com.syscort.test.TestPayment@6aa61224]" started-at="2021-05-12T17:05:05Z" name="setupWebDriver" finished-at="2021-05-12T17:05:07Z" duration-ms="1543" status="PASS">
          <reporter-output>
          </reporter-output>
        </test-method> <!-- setupWebDriver -->
        <test-method signature="paymentTest(java.lang.String, java.lang.String, java.lang.String, java.lang.String, java.lang.String, java.lang.String, java.lang.String, java.lang.String)[pri:0, instance:com.syscort.test.TestPayment@6aa61224]" started-at="2021-05-12T17:05:07Z" name="paymentTest" finished-at="2021-05-12T17:05:37Z" duration-ms="30650" status="PASS">
          <params>
            <param index="0">
              <value>
                <![CDATA[test@syscort.com]]>
              </value>
            </param>
            <param index="1">
              <value>
                <![CDATA[9090121212]]>
              </value>
            </param>
            <param index="2">
              <value>
                <![CDATA[10]]>
              </value>
            </param>
            <param index="3">
              <value>
                <![CDATA[8172450173213549]]>
              </value>
            </param>
            <param index="4">
              <value>
                <![CDATA[05/22]]>
              </value>
            </param>
            <param index="5">
              <value>
                <![CDATA[211168131274]]>
              </value>
            </param>
            <param index="6">
              <value>
                <![CDATA[921]]>
              </value>
            </param>
            <param index="7">
              <value>
                <![CDATA[8131]]>
              </value>
            </param>
          </params>
          <reporter-output>
          </reporter-output>
        </test-method> <!-- paymentTest -->
        <test-method is-config="true" signature="cleanup(java.lang.String)[pri:0, instance:com.syscort.test.TestPayment@6aa61224]" started-at="2021-05-12T17:05:37Z" name="cleanup" finished-at="2021-05-12T17:05:38Z" duration-ms="885" status="PASS">
          <params>
            <param index="0">
              <value>
                <![CDATA[8172450173213549]]>
              </value>
            </param>
          </params>
          <reporter-output>
          </reporter-output>
        </test-method> <!-- cleanup -->
      </class> <!-- com.syscort.test.TestPayment -->
    </test> <!-- Test2 -->
    <test started-at="2021-05-12T17:05:38Z" name="Test3" finished-at="2021-05-12T17:06:11Z" duration-ms="32502">
      <class name="com.syscort.test.TestPayment">
        <test-method is-config="true" signature="setupWebDriver()[pri:0, instance:com.syscort.test.TestPayment@3406472c]" started-at="2021-05-12T17:05:38Z" name="setupWebDriver" finished-at="2021-05-12T17:05:40Z" duration-ms="1585" status="PASS">
          <reporter-output>
          </reporter-output>
        </test-method> <!-- setupWebDriver -->
        <test-method signature="paymentTest(java.lang.String, java.lang.String, java.lang.String, java.lang.String, java.lang.String, java.lang.String, java.lang.String, java.lang.String)[pri:0, instance:com.syscort.test.TestPayment@3406472c]" started-at="2021-05-12T17:05:40Z" name="paymentTest" finished-at="2021-05-12T17:06:10Z" duration-ms="30075" status="PASS">
          <params>
            <param index="0">
              <value>
                <![CDATA[test@syscort.com]]>
              </value>
            </param>
            <param index="1">
              <value>
                <![CDATA[9090121212]]>
              </value>
            </param>
            <param index="2">
              <value>
                <![CDATA[10]]>
              </value>
            </param>
            <param index="3">
              <value>
                <![CDATA[8172450173213119]]>
              </value>
            </param>
            <param index="4">
              <value>
                <![CDATA[05/22]]>
              </value>
            </param>
            <param index="5">
              <value>
                <![CDATA[211168131274]]>
              </value>
            </param>
            <param index="6">
              <value>
                <![CDATA[123]]>
              </value>
            </param>
            <param index="7">
              <value>
                <![CDATA[3854]]>
              </value>
            </param>
          </params>
          <reporter-output>
          </reporter-output>
        </test-method> <!-- paymentTest -->
        <test-method is-config="true" signature="cleanup(java.lang.String)[pri:0, instance:com.syscort.test.TestPayment@3406472c]" started-at="2021-05-12T17:06:10Z" name="cleanup" finished-at="2021-05-12T17:06:11Z" duration-ms="840" status="PASS">
          <params>
            <param index="0">
              <value>
                <![CDATA[8172450173213119]]>
              </value>
            </param>
          </params>
          <reporter-output>
          </reporter-output>
        </test-method> <!-- cleanup -->
      </class> <!-- com.syscort.test.TestPayment -->
    </test> <!-- Test3 -->
    <test started-at="2021-05-12T17:06:11Z" name="Test4" finished-at="2021-05-12T17:06:44Z" duration-ms="33105">
      <class name="com.syscort.test.TestPayment">
        <test-method is-config="true" signature="setupWebDriver()[pri:0, instance:com.syscort.test.TestPayment@3c01cfa1]" started-at="2021-05-12T17:06:11Z" name="setupWebDriver" finished-at="2021-05-12T17:06:12Z" duration-ms="1487" status="PASS">
          <reporter-output>
          </reporter-output>
        </test-method> <!-- setupWebDriver -->
        <test-method signature="paymentTest(java.lang.String, java.lang.String, java.lang.String, java.lang.String, java.lang.String, java.lang.String, java.lang.String, java.lang.String)[pri:0, instance:com.syscort.test.TestPayment@3c01cfa1]" started-at="2021-05-12T17:06:12Z" name="paymentTest" finished-at="2021-05-12T17:06:43Z" duration-ms="30797" status="PASS">
          <params>
            <param index="0">
              <value>
                <![CDATA[test@syscort.com]]>
              </value>
            </param>
            <param index="1">
              <value>
                <![CDATA[9090121212]]>
              </value>
            </param>
            <param index="2">
              <value>
                <![CDATA[10]]>
              </value>
            </param>
            <param index="3">
              <value>
                <![CDATA[8172450173213135]]>
              </value>
            </param>
            <param index="4">
              <value>
                <![CDATA[05/22]]>
              </value>
            </param>
            <param index="5">
              <value>
                <![CDATA[211168131274]]>
              </value>
            </param>
            <param index="6">
              <value>
                <![CDATA[176]]>
              </value>
            </param>
            <param index="7">
              <value>
                <![CDATA[3553]]>
              </value>
            </param>
          </params>
          <reporter-output>
          </reporter-output>
        </test-method> <!-- paymentTest -->
        <test-method is-config="true" signature="cleanup(java.lang.String)[pri:0, instance:com.syscort.test.TestPayment@3c01cfa1]" started-at="2021-05-12T17:06:43Z" name="cleanup" finished-at="2021-05-12T17:06:44Z" duration-ms="820" status="PASS">
          <params>
            <param index="0">
              <value>
                <![CDATA[8172450173213135]]>
              </value>
            </param>
          </params>
          <reporter-output>
          </reporter-output>
        </test-method> <!-- cleanup -->
      </class> <!-- com.syscort.test.TestPayment -->
    </test> <!-- Test4 -->
    <test started-at="2021-05-12T17:06:44Z" name="Test5" finished-at="2021-05-12T17:07:15Z" duration-ms="31212">
      <class name="com.syscort.test.TestPayment">
        <test-method is-config="true" signature="setupWebDriver()[pri:0, instance:com.syscort.test.TestPayment@5c45d770]" started-at="2021-05-12T17:06:44Z" name="setupWebDriver" finished-at="2021-05-12T17:06:45Z" duration-ms="1521" status="PASS">
          <reporter-output>
          </reporter-output>
        </test-method> <!-- setupWebDriver -->
        <test-method signature="paymentTest(java.lang.String, java.lang.String, java.lang.String, java.lang.String, java.lang.String, java.lang.String, java.lang.String, java.lang.String)[pri:0, instance:com.syscort.test.TestPayment@5c45d770]" started-at="2021-05-12T17:06:45Z" name="paymentTest" finished-at="2021-05-12T17:07:14Z" duration-ms="28945" status="PASS">
          <params>
            <param index="0">
              <value>
                <![CDATA[test@syscort.com]]>
              </value>
            </param>
            <param index="1">
              <value>
                <![CDATA[9090121212]]>
              </value>
            </param>
            <param index="2">
              <value>
                <![CDATA[10]]>
              </value>
            </param>
            <param index="3">
              <value>
                <![CDATA[8172450173213457]]>
              </value>
            </param>
            <param index="4">
              <value>
                <![CDATA[05/22]]>
              </value>
            </param>
            <param index="5">
              <value>
                <![CDATA[211168131274]]>
              </value>
            </param>
            <param index="6">
              <value>
                <![CDATA[706]]>
              </value>
            </param>
            <param index="7">
              <value>
                <![CDATA[5941]]>
              </value>
            </param>
          </params>
          <reporter-output>
          </reporter-output>
        </test-method> <!-- paymentTest -->
        <test-method is-config="true" signature="cleanup(java.lang.String)[pri:0, instance:com.syscort.test.TestPayment@5c45d770]" started-at="2021-05-12T17:07:14Z" name="cleanup" finished-at="2021-05-12T17:07:15Z" duration-ms="745" status="PASS">
          <params>
            <param index="0">
              <value>
                <![CDATA[8172450173213457]]>
              </value>
            </param>
          </params>
          <reporter-output>
          </reporter-output>
        </test-method> <!-- cleanup -->
      </class> <!-- com.syscort.test.TestPayment -->
    </test> <!-- Test5 -->
    <test started-at="2021-05-12T17:07:15Z" name="Test6" finished-at="2021-05-12T17:07:47Z" duration-ms="31553">
      <class name="com.syscort.test.TestPayment">
        <test-method is-config="true" signature="setupWebDriver()[pri:0, instance:com.syscort.test.TestPayment@1672fe87]" started-at="2021-05-12T17:07:15Z" name="setupWebDriver" finished-at="2021-05-12T17:07:17Z" duration-ms="1508" status="PASS">
          <reporter-output>
          </reporter-output>
        </test-method> <!-- setupWebDriver -->
        <test-method signature="paymentTest(java.lang.String, java.lang.String, java.lang.String, java.lang.String, java.lang.String, java.lang.String, java.lang.String, java.lang.String)[pri:0, instance:com.syscort.test.TestPayment@1672fe87]" started-at="2021-05-12T17:07:17Z" name="paymentTest" finished-at="2021-05-12T17:07:46Z" duration-ms="29203" status="PASS">
          <params>
            <param index="0">
              <value>
                <![CDATA[test@syscort.com]]>
              </value>
            </param>
            <param index="1">
              <value>
                <![CDATA[9090121212]]>
              </value>
            </param>
            <param index="2">
              <value>
                <![CDATA[10]]>
              </value>
            </param>
            <param index="3">
              <value>
                <![CDATA[8172450173213655]]>
              </value>
            </param>
            <param index="4">
              <value>
                <![CDATA[05/22]]>
              </value>
            </param>
            <param index="5">
              <value>
                <![CDATA[211168131274]]>
              </value>
            </param>
            <param index="6">
              <value>
                <![CDATA[552]]>
              </value>
            </param>
            <param index="7">
              <value>
                <![CDATA[1066]]>
              </value>
            </param>
          </params>
          <reporter-output>
          </reporter-output>
        </test-method> <!-- paymentTest -->
        <test-method is-config="true" signature="cleanup(java.lang.String)[pri:0, instance:com.syscort.test.TestPayment@1672fe87]" started-at="2021-05-12T17:07:46Z" name="cleanup" finished-at="2021-05-12T17:07:47Z" duration-ms="841" status="PASS">
          <params>
            <param index="0">
              <value>
                <![CDATA[8172450173213655]]>
              </value>
            </param>
          </params>
          <reporter-output>
          </reporter-output>
        </test-method> <!-- cleanup -->
      </class> <!-- com.syscort.test.TestPayment -->
    </test> <!-- Test6 -->
    <test started-at="2021-05-12T17:07:47Z" name="Test7" finished-at="2021-05-12T17:08:18Z" duration-ms="31701">
      <class name="com.syscort.test.TestPayment">
        <test-method is-config="true" signature="setupWebDriver()[pri:0, instance:com.syscort.test.TestPayment@50dfbc58]" started-at="2021-05-12T17:07:47Z" name="setupWebDriver" finished-at="2021-05-12T17:07:48Z" duration-ms="1680" status="PASS">
          <reporter-output>
          </reporter-output>
        </test-method> <!-- setupWebDriver -->
        <test-method signature="paymentTest(java.lang.String, java.lang.String, java.lang.String, java.lang.String, java.lang.String, java.lang.String, java.lang.String, java.lang.String)[pri:0, instance:com.syscort.test.TestPayment@50dfbc58]" started-at="2021-05-12T17:07:48Z" name="paymentTest" finished-at="2021-05-12T17:08:18Z" duration-ms="29362" status="PASS">
          <params>
            <param index="0">
              <value>
                <![CDATA[test@syscort.com]]>
              </value>
            </param>
            <param index="1">
              <value>
                <![CDATA[9090121212]]>
              </value>
            </param>
            <param index="2">
              <value>
                <![CDATA[10]]>
              </value>
            </param>
            <param index="3">
              <value>
                <![CDATA[8172450173213689]]>
              </value>
            </param>
            <param index="4">
              <value>
                <![CDATA[05/22]]>
              </value>
            </param>
            <param index="5">
              <value>
                <![CDATA[211168131274]]>
              </value>
            </param>
            <param index="6">
              <value>
                <![CDATA[799]]>
              </value>
            </param>
            <param index="7">
              <value>
                <![CDATA[1918]]>
              </value>
            </param>
          </params>
          <reporter-output>
          </reporter-output>
        </test-method> <!-- paymentTest -->
        <test-method is-config="true" signature="cleanup(java.lang.String)[pri:0, instance:com.syscort.test.TestPayment@50dfbc58]" started-at="2021-05-12T17:08:18Z" name="cleanup" finished-at="2021-05-12T17:08:18Z" duration-ms="657" status="PASS">
          <params>
            <param index="0">
              <value>
                <![CDATA[8172450173213689]]>
              </value>
            </param>
          </params>
          <reporter-output>
          </reporter-output>
        </test-method> <!-- cleanup -->
      </class> <!-- com.syscort.test.TestPayment -->
    </test> <!-- Test7 -->
    <test started-at="2021-05-12T17:08:18Z" name="Test8" finished-at="2021-05-12T17:08:48Z" duration-ms="30051">
      <class name="com.syscort.test.TestPayment">
        <test-method is-config="true" signature="setupWebDriver()[pri:0, instance:com.syscort.test.TestPayment@6ee4d9ab]" started-at="2021-05-12T17:08:18Z" name="setupWebDriver" finished-at="2021-05-12T17:08:20Z" duration-ms="1258" status="PASS">
          <reporter-output>
          </reporter-output>
        </test-method> <!-- setupWebDriver -->
        <test-method signature="paymentTest(java.lang.String, java.lang.String, java.lang.String, java.lang.String, java.lang.String, java.lang.String, java.lang.String, java.lang.String)[pri:0, instance:com.syscort.test.TestPayment@6ee4d9ab]" started-at="2021-05-12T17:08:20Z" name="paymentTest" finished-at="2021-05-12T17:08:48Z" duration-ms="28137" status="PASS">
          <params>
            <param index="0">
              <value>
                <![CDATA[test@syscort.com]]>
              </value>
            </param>
            <param index="1">
              <value>
                <![CDATA[9090121212]]>
              </value>
            </param>
            <param index="2">
              <value>
                <![CDATA[10]]>
              </value>
            </param>
            <param index="3">
              <value>
                <![CDATA[8172450173213747]]>
              </value>
            </param>
            <param index="4">
              <value>
                <![CDATA[05/22]]>
              </value>
            </param>
            <param index="5">
              <value>
                <![CDATA[211168131274]]>
              </value>
            </param>
            <param index="6">
              <value>
                <![CDATA[281]]>
              </value>
            </param>
            <param index="7">
              <value>
                <![CDATA[5973]]>
              </value>
            </param>
          </params>
          <reporter-output>
          </reporter-output>
        </test-method> <!-- paymentTest -->
        <test-method is-config="true" signature="cleanup(java.lang.String)[pri:0, instance:com.syscort.test.TestPayment@6ee4d9ab]" started-at="2021-05-12T17:08:48Z" name="cleanup" finished-at="2021-05-12T17:08:48Z" duration-ms="655" status="PASS">
          <params>
            <param index="0">
              <value>
                <![CDATA[8172450173213747]]>
              </value>
            </param>
          </params>
          <reporter-output>
          </reporter-output>
        </test-method> <!-- cleanup -->
      </class> <!-- com.syscort.test.TestPayment -->
    </test> <!-- Test8 -->
    <test started-at="2021-05-12T17:08:48Z" name="Test9" finished-at="2021-05-12T17:09:18Z" duration-ms="30057">
      <class name="com.syscort.test.TestPayment">
        <test-method is-config="true" signature="setupWebDriver()[pri:0, instance:com.syscort.test.TestPayment@302f7971]" started-at="2021-05-12T17:08:48Z" name="setupWebDriver" finished-at="2021-05-12T17:08:50Z" duration-ms="1284" status="PASS">
          <reporter-output>
          </reporter-output>
        </test-method> <!-- setupWebDriver -->
        <test-method signature="paymentTest(java.lang.String, java.lang.String, java.lang.String, java.lang.String, java.lang.String, java.lang.String, java.lang.String, java.lang.String)[pri:0, instance:com.syscort.test.TestPayment@302f7971]" started-at="2021-05-12T17:08:50Z" name="paymentTest" finished-at="2021-05-12T17:09:18Z" duration-ms="28132" status="PASS">
          <params>
            <param index="0">
              <value>
                <![CDATA[test@syscort.com]]>
              </value>
            </param>
            <param index="1">
              <value>
                <![CDATA[9090121212]]>
              </value>
            </param>
            <param index="2">
              <value>
                <![CDATA[10]]>
              </value>
            </param>
            <param index="3">
              <value>
                <![CDATA[8172450173213770]]>
              </value>
            </param>
            <param index="4">
              <value>
                <![CDATA[05/22]]>
              </value>
            </param>
            <param index="5">
              <value>
                <![CDATA[211168131274]]>
              </value>
            </param>
            <param index="6">
              <value>
                <![CDATA[593]]>
              </value>
            </param>
            <param index="7">
              <value>
                <![CDATA[2543]]>
              </value>
            </param>
          </params>
          <reporter-output>
          </reporter-output>
        </test-method> <!-- paymentTest -->
        <test-method is-config="true" signature="cleanup(java.lang.String)[pri:0, instance:com.syscort.test.TestPayment@302f7971]" started-at="2021-05-12T17:09:18Z" name="cleanup" finished-at="2021-05-12T17:09:18Z" duration-ms="640" status="PASS">
          <params>
            <param index="0">
              <value>
                <![CDATA[8172450173213770]]>
              </value>
            </param>
          </params>
          <reporter-output>
          </reporter-output>
        </test-method> <!-- cleanup -->
        <test-method is-config="true" signature="createTransactionSheet()[pri:0, instance:com.syscort.test.TestPayment@302f7971]" started-at="2021-05-12T17:09:18Z" name="createTransactionSheet" finished-at="2021-05-12T17:09:19Z" duration-ms="335" status="PASS">
          <reporter-output>
          </reporter-output>
        </test-method> <!-- createTransactionSheet -->
      </class> <!-- com.syscort.test.TestPayment -->
    </test> <!-- Test9 -->
  </suite> <!-- Join Meetings -->
</testng-results>
